[INFO] Scanning for projects...
[INFO] 
[INFO] -------------------< dthaibinhF.project:chemist-BE >--------------------
[INFO] Building chemist-BE 0.0.1-SNAPSHOT
[INFO]   from pom.xml
[INFO] --------------------------------[ jar ]---------------------------------
[INFO] 
[INFO] >>> spring-boot:3.4.7:run (default-cli) > test-compile @ chemist-BE >>>
[INFO] 
[INFO] --- resources:3.3.1:resources (default-resources) @ chemist-BE ---
[INFO] Copying 4 resources from src/main/resources to target/classes
[INFO] Copying 7 resources from src/main/resources to target/classes
[INFO] 
[INFO] --- compiler:3.13.0:compile (default-compile) @ chemist-BE ---
[INFO] Nothing to compile - all classes are up to date.
[INFO] 
[INFO] --- resources:3.3.1:testResources (default-testResources) @ chemist-BE ---
[INFO] Copying 0 resource from src/test/resources to target/test-classes
[INFO] 
[INFO] --- compiler:3.13.0:testCompile (default-testCompile) @ chemist-BE ---
[INFO] Nothing to compile - all classes are up to date.
[INFO] 
[INFO] <<< spring-boot:3.4.7:run (default-cli) < test-compile @ chemist-BE <<<
[INFO] 
[INFO] 
[INFO] --- spring-boot:3.4.7:run (default-cli) @ chemist-BE ---
[INFO] Attaching agents: []

  .   ____          _            __ _ _
 /\\ / ___'_ __ _ _(_)_ __  __ _ \ \ \ \
( ( )\___ | '_ | '_| | '_ \/ _` | \ \ \ \
 \\/  ___)| |_)| | | | | || (_| |  ) ) ) )
  '  |____| .__|_| |_|_| |_\__, | / / / /
 =========|_|==============|___/=/_/_/_/

 :: Spring Boot ::                (v3.4.7)

2025-07-30T01:35:47.435+07:00  INFO 112492 --- [chemist-BE] [           main] d.p.chemistbe.ChemistBeApplication       : Starting ChemistBeApplication using Java 21.0.8 with PID 112492 (/home/dthaibinh/project/developing/chemist-BE/target/classes started by dthaibinh in /home/dthaibinh/project/developing/chemist-BE)
2025-07-30T01:35:47.436+07:00  INFO 112492 --- [chemist-BE] [           main] d.p.chemistbe.ChemistBeApplication       : No active profile set, falling back to 1 default profile: "default"
2025-07-30T01:35:48.017+07:00  INFO 112492 --- [chemist-BE] [           main] .s.d.r.c.RepositoryConfigurationDelegate : Bootstrapping Spring Data JPA repositories in DEFAULT mode.
2025-07-30T01:35:48.067+07:00  INFO 112492 --- [chemist-BE] [           main] .s.d.r.c.RepositoryConfigurationDelegate : Finished Spring Data repository scanning in 45 ms. Found 22 JPA repository interfaces.
2025-07-30T01:35:48.369+07:00  INFO 112492 --- [chemist-BE] [           main] o.s.b.w.embedded.tomcat.TomcatWebServer  : Tomcat initialized with port 8080 (http)
2025-07-30T01:35:48.377+07:00  INFO 112492 --- [chemist-BE] [           main] o.apache.catalina.core.StandardService   : Starting service [Tomcat]
2025-07-30T01:35:48.377+07:00  INFO 112492 --- [chemist-BE] [           main] o.apache.catalina.core.StandardEngine    : Starting Servlet engine: [Apache Tomcat/10.1.42]
2025-07-30T01:35:48.401+07:00  INFO 112492 --- [chemist-BE] [           main] o.a.c.c.C.[Tomcat].[localhost].[/]       : Initializing Spring embedded WebApplicationContext
2025-07-30T01:35:48.401+07:00  INFO 112492 --- [chemist-BE] [           main] w.s.c.ServletWebServerApplicationContext : Root WebApplicationContext: initialization completed in 943 ms
2025-07-30T01:35:48.594+07:00  INFO 112492 --- [chemist-BE] [           main] com.zaxxer.hikari.HikariDataSource       : HikariPool-1 - Starting...
2025-07-30T01:35:48.668+07:00  INFO 112492 --- [chemist-BE] [           main] com.zaxxer.hikari.pool.HikariPool        : HikariPool-1 - Added connection org.postgresql.jdbc.PgConnection@545604a9
2025-07-30T01:35:48.669+07:00  INFO 112492 --- [chemist-BE] [           main] com.zaxxer.hikari.HikariDataSource       : HikariPool-1 - Start completed.
2025-07-30T01:35:48.683+07:00  INFO 112492 --- [chemist-BE] [           main] org.flywaydb.core.FlywayExecutor         : Database: jdbc:postgresql://localhost:5432/chemist (PostgreSQL 17.5)
2025-07-30T01:35:48.710+07:00  INFO 112492 --- [chemist-BE] [           main] o.f.core.internal.command.DbValidate     : Successfully validated 7 migrations (execution time 00:00.015s)
2025-07-30T01:35:48.736+07:00  INFO 112492 --- [chemist-BE] [           main] o.f.core.internal.command.DbMigrate      : Current version of schema "public": 6
2025-07-30T01:35:48.737+07:00  INFO 112492 --- [chemist-BE] [           main] o.f.core.internal.command.DbMigrate      : Schema "public" is up to date. No migration necessary.
2025-07-30T01:35:48.782+07:00  INFO 112492 --- [chemist-BE] [           main] o.hibernate.jpa.internal.util.LogHelper  : HHH000204: Processing PersistenceUnitInfo [name: default]
2025-07-30T01:35:48.806+07:00  INFO 112492 --- [chemist-BE] [           main] org.hibernate.Version                    : HHH000412: Hibernate ORM core version 6.6.18.Final
2025-07-30T01:35:48.824+07:00  INFO 112492 --- [chemist-BE] [           main] o.h.c.internal.RegionFactoryInitiator    : HHH000026: Second-level cache disabled
2025-07-30T01:35:48.945+07:00  INFO 112492 --- [chemist-BE] [           main] o.s.o.j.p.SpringPersistenceUnitInfo      : No LoadTimeWeaver setup: ignoring JPA class transformer
2025-07-30T01:35:48.971+07:00  WARN 112492 --- [chemist-BE] [           main] org.hibernate.orm.deprecation            : HHH90000025: PostgreSQLDialect does not need to be specified explicitly using 'hibernate.dialect' (remove the property setting and it will be selected by default)
2025-07-30T01:35:48.980+07:00  INFO 112492 --- [chemist-BE] [           main] org.hibernate.orm.connections.pooling    : HHH10001005: Database info:
	Database JDBC URL [Connecting through datasource 'HikariDataSource (HikariPool-1)']
	Database driver: undefined/unknown
	Database version: 17.5
	Autocommit mode: undefined/unknown
	Isolation level: undefined/unknown
	Minimum pool size: undefined/unknown
	Maximum pool size: undefined/unknown
2025-07-30T01:35:49.696+07:00  INFO 112492 --- [chemist-BE] [           main] o.h.e.t.j.p.i.JtaPlatformInitiator       : HHH000489: No JTA platform available (set 'hibernate.transaction.jta.platform' to enable JTA platform integration)
2025-07-30T01:35:49.697+07:00  INFO 112492 --- [chemist-BE] [           main] j.LocalContainerEntityManagerFactoryBean : Initialized JPA EntityManagerFactory for persistence unit 'default'
2025-07-30T01:35:49.811+07:00  INFO 112492 --- [chemist-BE] [           main] o.s.d.j.r.query.QueryEnhancerFactory     : Hibernate is in classpath; If applicable, HQL parser will be used.
2025-07-30T01:35:51.038+07:00  INFO 112492 --- [chemist-BE] [           main] eAuthenticationProviderManagerConfigurer : Global AuthenticationManager configured with AuthenticationProvider bean with name authenticationProvider
2025-07-30T01:35:51.038+07:00  WARN 112492 --- [chemist-BE] [           main] r$InitializeUserDetailsManagerConfigurer : Global AuthenticationManager configured with an AuthenticationProvider bean. UserDetailsService beans will not be used by Spring Security for automatically configuring username/password login. Consider removing the AuthenticationProvider bean. Alternatively, consider using the UserDetailsService in a manually instantiated DaoAuthenticationProvider. If the current configuration is intentional, to turn off this warning, increase the logging level of 'org.springframework.security.config.annotation.authentication.configuration.InitializeUserDetailsBeanManagerConfigurer' to ERROR
2025-07-30T01:35:51.868+07:00  INFO 112492 --- [chemist-BE] [           main] CriteriaBuilderConfigurationProviderImpl : Blaze-Persistence version: Blaze-Persistence 'Lockjaw' 1.6.15
2025-07-30T01:35:51.942+07:00  WARN 112492 --- [chemist-BE] [           main] c.blazebit.annotation.AnnotationUtils    : Stereotype annotation can not be found, skipping annotation inheritance via stereotype.
2025-07-30T01:35:52.409+07:00  INFO 112492 --- [chemist-BE] [           main] o.s.b.a.e.web.EndpointLinksResolver      : Exposing 1 endpoint beneath base path '/actuator'
2025-07-30T01:35:52.760+07:00  INFO 112492 --- [chemist-BE] [           main] o.s.b.w.embedded.tomcat.TomcatWebServer  : Tomcat started on port 8080 (http) with context path '/'
2025-07-30T01:35:52.769+07:00  INFO 112492 --- [chemist-BE] [           main] d.p.chemistbe.ChemistBeApplication       : Started ChemistBeApplication in 5.571 seconds (process running for 5.726)
2025-07-30T01:36:11.086+07:00  INFO 112492 --- [chemist-BE] [nio-8080-exec-1] o.a.c.c.C.[Tomcat].[localhost].[/]       : Initializing Spring DispatcherServlet 'dispatcherServlet'
2025-07-30T01:36:11.086+07:00  INFO 112492 --- [chemist-BE] [nio-8080-exec-1] o.s.web.servlet.DispatcherServlet        : Initializing Servlet 'dispatcherServlet'
2025-07-30T01:36:11.088+07:00  INFO 112492 --- [chemist-BE] [nio-8080-exec-1] o.s.web.servlet.DispatcherServlet        : Completed initialization in 2 ms
2025-07-30T01:36:26.063+07:00  WARN 112492 --- [chemist-BE] [nio-8080-exec-3] .w.s.m.s.DefaultHandlerExceptionResolver : Resolved [org.springframework.web.bind.MethodArgumentNotValidException: Validation failed for argument [1] in public org.springframework.http.ResponseEntity<dthaibinhf.project.chemistbe.dto.GroupDTO> dthaibinhf.project.chemistbe.controller.GroupController.updateGroup(java.lang.Integer,dthaibinhf.project.chemistbe.dto.GroupDTO,boolean): [Field error in object 'groupDTO' on field 'feeId': rejected value [null]; codes [NotNull.groupDTO.feeId,NotNull.feeId,NotNull.java.lang.Integer,NotNull]; arguments [org.springframework.context.support.DefaultMessageSourceResolvable: codes [groupDTO.feeId,feeId]; arguments []; default message [feeId]]; default message [must not be null]] ]
2025-07-30T01:36:54.429+07:00  INFO 112492 --- [chemist-BE] [nio-8080-exec-7] d.p.chemistbe.service.GroupService       : Starting GroupSchedule cascade sync for Group ID: 1 with 3 original schedules and 3 updated schedules
2025-07-30T01:36:54.429+07:00  INFO 112492 --- [chemist-BE] [nio-8080-exec-7] d.p.chemistbe.service.GroupService       : Synchronizing schedules - comparing 3 original with 3 updated GroupSchedules
2025-07-30T01:36:54.429+07:00  INFO 112492 --- [chemist-BE] [nio-8080-exec-7] d.p.chemistbe.service.GroupService       : GroupSchedule ID: 54 changes detected - day: false, time: false, room: false
2025-07-30T01:36:54.429+07:00  INFO 112492 --- [chemist-BE] [nio-8080-exec-7] d.p.chemistbe.service.GroupService       : GroupSchedule ID: 52 changes detected - day: true, time: false, room: false
2025-07-30T01:36:54.429+07:00  INFO 112492 --- [chemist-BE] [nio-8080-exec-7] d.p.chemistbe.service.GroupService       : Triggering cascade for GroupSchedule ID: 52 - MONDAY → TUESDAY | 17:20-19:00 → 17:20-19:00 | room 1 → 1
2025-07-30T01:36:54.430+07:00  INFO 112492 --- [chemist-BE] [nio-8080-exec-7] d.p.c.service.GroupScheduleService       : Starting cascade for GroupSchedule ID: 52 in Group: 1 - MONDAY → TUESDAY
2025-07-30T01:36:54.430+07:00  INFO 112492 --- [chemist-BE] [nio-8080-exec-7] d.p.c.service.GroupScheduleService       : Current time for future schedule filtering: 2025-07-30T01:36:54.430229325+07:00
2025-07-30T01:36:54.440+07:00  INFO 112492 --- [chemist-BE] [nio-8080-exec-7] d.p.c.service.GroupScheduleService       : Found 4 future schedules for Group 1
2025-07-30T01:36:54.441+07:00  INFO 112492 --- [chemist-BE] [nio-8080-exec-7] d.p.c.service.GroupScheduleService       : Found 1 schedules matching original day MONDAY for cascade
2025-07-30T01:36:54.441+07:00  INFO 112492 --- [chemist-BE] [nio-8080-exec-7] d.p.c.service.GroupScheduleService       : Matching schedule ID: 30 - MONDAY 2025-08-04 10:20-12:00
2025-07-30T01:36:54.441+07:00  INFO 112492 --- [chemist-BE] [nio-8080-exec-7] d.p.c.service.GroupScheduleService       : Day changed: true (MONDAY → TUESDAY)
2025-07-30T01:36:54.441+07:00  INFO 112492 --- [chemist-BE] [nio-8080-exec-7] d.p.c.service.GroupScheduleService       : Processing schedule ID: 30 on 2025-08-04
2025-07-30T01:36:54.441+07:00  INFO 112492 --- [chemist-BE] [nio-8080-exec-7] d.p.c.service.GroupScheduleService       : Day change: MONDAY 2025-08-04 → TUESDAY 2025-08-05
2025-07-30T01:36:54.441+07:00  INFO 112492 --- [chemist-BE] [nio-8080-exec-7] d.p.c.service.GroupScheduleService       : Schedule ID: 30 updated - 2025-08-04 to 2025-08-05 | 10:20-12:00 to 17:20-19:00
2025-07-30T01:36:54.442+07:00  INFO 112492 --- [chemist-BE] [nio-8080-exec-7] d.p.c.service.GroupScheduleService       : Schedule ID: 30 room updated - Phòng lớn trệt → Phòng lớn trệt
2025-07-30T01:36:54.442+07:00  INFO 112492 --- [chemist-BE] [nio-8080-exec-7] d.p.c.service.GroupScheduleService       : Saving 1 updated schedules to database
2025-07-30T01:36:54.442+07:00  INFO 112492 --- [chemist-BE] [nio-8080-exec-7] d.p.c.service.GroupScheduleService       : Successfully saved 1 schedules. Cascade complete for GroupSchedule ID: 52
2025-07-30T01:36:54.443+07:00  INFO 112492 --- [chemist-BE] [nio-8080-exec-7] d.p.chemistbe.service.GroupService       : Cascade completed successfully for GroupSchedule ID: 52
2025-07-30T01:36:54.443+07:00  INFO 112492 --- [chemist-BE] [nio-8080-exec-7] d.p.chemistbe.service.GroupService       : GroupSchedule ID: 53 changes detected - day: false, time: false, room: false
2025-07-30T01:36:54.443+07:00  INFO 112492 --- [chemist-BE] [nio-8080-exec-7] d.p.chemistbe.service.GroupService       : GroupSchedule synchronization completed
2025-07-30T01:37:07.061+07:00  INFO 112492 --- [chemist-BE] [nio-8080-exec-2] d.p.chemistbe.service.ScheduleService    : Fetching all active schedules
2025-07-30T01:37:07.091+07:00  INFO 112492 --- [chemist-BE] [nio-8080-exec-4] d.p.chemistbe.service.ScheduleService    : Fetching all active schedules
2025-07-30T01:37:30.297+07:00  INFO 112492 --- [chemist-BE] [nio-8080-exec-5] d.p.chemistbe.service.ScheduleService    : Fetching all active schedules
2025-07-30T01:37:30.312+07:00  INFO 112492 --- [chemist-BE] [nio-8080-exec-6] d.p.chemistbe.service.ScheduleService    : Fetching all active schedules
2025-07-30T01:38:49.709+07:00  INFO 112492 --- [chemist-BE] [ionShutdownHook] o.s.b.w.e.tomcat.GracefulShutdown        : Commencing graceful shutdown. Waiting for active requests to complete
2025-07-30T01:38:49.710+07:00  INFO 112492 --- [chemist-BE] [tomcat-shutdown] o.s.b.w.e.tomcat.GracefulShutdown        : Graceful shutdown complete
2025-07-30T01:38:49.719+07:00  INFO 112492 --- [chemist-BE] [ionShutdownHook] j.LocalContainerEntityManagerFactoryBean : Closing JPA EntityManagerFactory for persistence unit 'default'
2025-07-30T01:38:49.721+07:00  INFO 112492 --- [chemist-BE] [ionShutdownHook] com.zaxxer.hikari.HikariDataSource       : HikariPool-1 - Shutdown initiated...
2025-07-30T01:38:49.723+07:00  INFO 112492 --- [chemist-BE] [ionShutdownHook] com.zaxxer.hikari.HikariDataSource       : HikariPool-1 - Shutdown completed.
