[INFO] Scanning for projects...
[INFO] 
[INFO] -------------------< dthaibinhF.project:chemist-BE >--------------------
[INFO] Building chemist-BE 0.0.1-SNAPSHOT
[INFO]   from pom.xml
[INFO] --------------------------------[ jar ]---------------------------------
[INFO] 
[INFO] >>> spring-boot:3.4.7:run (default-cli) > test-compile @ chemist-BE >>>
[INFO] 
[INFO] --- resources:3.3.1:resources (default-resources) @ chemist-BE ---
[INFO] Copying 4 resources from src/main/resources to target/classes
[INFO] Copying 7 resources from src/main/resources to target/classes
[INFO] 
[INFO] --- compiler:3.13.0:compile (default-compile) @ chemist-BE ---
[INFO] Nothing to compile - all classes are up to date.
[INFO] 
[INFO] --- resources:3.3.1:testResources (default-testResources) @ chemist-BE ---
[INFO] Copying 0 resource from src/test/resources to target/test-classes
[INFO] 
[INFO] --- compiler:3.13.0:testCompile (default-testCompile) @ chemist-BE ---
[INFO] Nothing to compile - all classes are up to date.
[INFO] 
[INFO] <<< spring-boot:3.4.7:run (default-cli) < test-compile @ chemist-BE <<<
[INFO] 
[INFO] 
[INFO] --- spring-boot:3.4.7:run (default-cli) @ chemist-BE ---
[INFO] Attaching agents: []

  .   ____          _            __ _ _
 /\\ / ___'_ __ _ _(_)_ __  __ _ \ \ \ \
( ( )\___ | '_ | '_| | '_ \/ _` | \ \ \ \
 \\/  ___)| |_)| | | | | || (_| |  ) ) ) )
  '  |____| .__|_| |_|_| |_\__, | / / / /
 =========|_|==============|___/=/_/_/_/

 :: Spring Boot ::                (v3.4.7)

2025-07-28T23:13:53.873+07:00  INFO 67862 --- [chemist-BE] [           main] d.p.chemistbe.ChemistBeApplication       : Starting ChemistBeApplication using Java 21.0.8 with PID 67862 (/home/dthaibinh/project/developing/chemist-BE/target/classes started by dthaibinh in /home/dthaibinh/project/developing/chemist-BE)
2025-07-28T23:13:53.874+07:00  INFO 67862 --- [chemist-BE] [           main] d.p.chemistbe.ChemistBeApplication       : No active profile set, falling back to 1 default profile: "default"
2025-07-28T23:13:54.616+07:00  INFO 67862 --- [chemist-BE] [           main] .s.d.r.c.RepositoryConfigurationDelegate : Bootstrapping Spring Data JPA repositories in DEFAULT mode.
2025-07-28T23:13:54.715+07:00  INFO 67862 --- [chemist-BE] [           main] .s.d.r.c.RepositoryConfigurationDelegate : Finished Spring Data repository scanning in 94 ms. Found 22 JPA repository interfaces.
2025-07-28T23:13:55.117+07:00  INFO 67862 --- [chemist-BE] [           main] o.s.b.w.embedded.tomcat.TomcatWebServer  : Tomcat initialized with port 8080 (http)
2025-07-28T23:13:55.125+07:00  INFO 67862 --- [chemist-BE] [           main] o.apache.catalina.core.StandardService   : Starting service [Tomcat]
2025-07-28T23:13:55.126+07:00  INFO 67862 --- [chemist-BE] [           main] o.apache.catalina.core.StandardEngine    : Starting Servlet engine: [Apache Tomcat/10.1.42]
2025-07-28T23:13:55.152+07:00  INFO 67862 --- [chemist-BE] [           main] o.a.c.c.C.[Tomcat].[localhost].[/]       : Initializing Spring embedded WebApplicationContext
2025-07-28T23:13:55.152+07:00  INFO 67862 --- [chemist-BE] [           main] w.s.c.ServletWebServerApplicationContext : Root WebApplicationContext: initialization completed in 1162 ms
2025-07-28T23:13:55.336+07:00  INFO 67862 --- [chemist-BE] [           main] com.zaxxer.hikari.HikariDataSource       : HikariPool-1 - Starting...
2025-07-28T23:13:56.838+07:00  INFO 67862 --- [chemist-BE] [           main] com.zaxxer.hikari.pool.HikariPool        : HikariPool-1 - Added connection org.postgresql.jdbc.PgConnection@1f70bce5
2025-07-28T23:13:56.839+07:00  INFO 67862 --- [chemist-BE] [           main] com.zaxxer.hikari.HikariDataSource       : HikariPool-1 - Start completed.
2025-07-28T23:13:56.990+07:00  INFO 67862 --- [chemist-BE] [           main] org.flywaydb.core.FlywayExecutor         : Database: jdbc:postgresql://database-chemist.cv6oo2im84e7.ap-southeast-2.rds.amazonaws.com:5432/chemist (PostgreSQL 17.4)
2025-07-28T23:13:58.675+07:00  INFO 67862 --- [chemist-BE] [           main] o.f.core.internal.command.DbValidate     : Successfully validated 7 migrations (execution time 00:00.576s)
2025-07-28T23:14:00.477+07:00  INFO 67862 --- [chemist-BE] [           main] o.f.core.internal.command.DbMigrate      : Current version of schema "public": 6
2025-07-28T23:14:00.614+07:00  INFO 67862 --- [chemist-BE] [           main] o.f.core.internal.command.DbMigrate      : Schema "public" is up to date. No migration necessary.
2025-07-28T23:14:01.500+07:00  INFO 67862 --- [chemist-BE] [           main] o.hibernate.jpa.internal.util.LogHelper  : HHH000204: Processing PersistenceUnitInfo [name: default]
2025-07-28T23:14:01.530+07:00  INFO 67862 --- [chemist-BE] [           main] org.hibernate.Version                    : HHH000412: Hibernate ORM core version 6.6.18.Final
2025-07-28T23:14:01.549+07:00  INFO 67862 --- [chemist-BE] [           main] o.h.c.internal.RegionFactoryInitiator    : HHH000026: Second-level cache disabled
2025-07-28T23:14:01.679+07:00  INFO 67862 --- [chemist-BE] [           main] o.s.o.j.p.SpringPersistenceUnitInfo      : No LoadTimeWeaver setup: ignoring JPA class transformer
2025-07-28T23:14:02.272+07:00  INFO 67862 --- [chemist-BE] [           main] org.hibernate.orm.connections.pooling    : HHH10001005: Database info:
	Database JDBC URL [Connecting through datasource 'HikariDataSource (HikariPool-1)']
	Database driver: undefined/unknown
	Database version: 17.4
	Autocommit mode: undefined/unknown
	Isolation level: undefined/unknown
	Minimum pool size: undefined/unknown
	Maximum pool size: undefined/unknown
2025-07-28T23:14:02.975+07:00  INFO 67862 --- [chemist-BE] [           main] o.h.e.t.j.p.i.JtaPlatformInitiator       : HHH000489: No JTA platform available (set 'hibernate.transaction.jta.platform' to enable JTA platform integration)
2025-07-28T23:14:02.977+07:00  INFO 67862 --- [chemist-BE] [           main] j.LocalContainerEntityManagerFactoryBean : Initialized JPA EntityManagerFactory for persistence unit 'default'
2025-07-28T23:14:03.116+07:00  INFO 67862 --- [chemist-BE] [           main] o.s.d.j.r.query.QueryEnhancerFactory     : Hibernate is in classpath; If applicable, HQL parser will be used.
2025-07-28T23:14:03.534+07:00  INFO 67862 --- [chemist-BE] [           main] d.p.c.ai.agent.ToolRegistryService       : Starting AI tool discovery...
2025-07-28T23:14:04.444+07:00  INFO 67862 --- [chemist-BE] [           main] eAuthenticationProviderManagerConfigurer : Global AuthenticationManager configured with AuthenticationProvider bean with name authenticationProvider
2025-07-28T23:14:04.444+07:00  WARN 67862 --- [chemist-BE] [           main] r$InitializeUserDetailsManagerConfigurer : Global AuthenticationManager configured with an AuthenticationProvider bean. UserDetailsService beans will not be used by Spring Security for automatically configuring username/password login. Consider removing the AuthenticationProvider bean. Alternatively, consider using the UserDetailsService in a manually instantiated DaoAuthenticationProvider. If the current configuration is intentional, to turn off this warning, increase the logging level of 'org.springframework.security.config.annotation.authentication.configuration.InitializeUserDetailsBeanManagerConfigurer' to ERROR
2025-07-28T23:14:05.244+07:00  INFO 67862 --- [chemist-BE] [           main] CriteriaBuilderConfigurationProviderImpl : Blaze-Persistence version: Blaze-Persistence 'Lockjaw' 1.6.15
2025-07-28T23:14:05.310+07:00  WARN 67862 --- [chemist-BE] [           main] c.blazebit.annotation.AnnotationUtils    : Stereotype annotation can not be found, skipping annotation inheritance via stereotype.
2025-07-28T23:14:05.718+07:00  INFO 67862 --- [chemist-BE] [           main] o.s.b.a.e.web.EndpointLinksResolver      : Exposing 1 endpoint beneath base path '/actuator'
2025-07-28T23:14:06.058+07:00  INFO 67862 --- [chemist-BE] [           main] d.p.c.ai.agent.ToolRegistryService       : Found 695 beans in Spring context
2025-07-28T23:14:06.058+07:00  INFO 67862 --- [chemist-BE] [           main] d.p.c.ai.agent.ToolRegistryService       : Scanning service bean: academicYearService (AcademicYearService$$SpringCGLIB$$0 -> AcademicYearService)
2025-07-28T23:14:06.058+07:00  INFO 67862 --- [chemist-BE] [           main] d.p.c.ai.agent.ToolRegistryService       : Scanning service bean: accountService (AccountService$$SpringCGLIB$$0 -> AccountService)
2025-07-28T23:14:06.058+07:00  INFO 67862 --- [chemist-BE] [           main] d.p.c.ai.agent.ToolRegistryService       : Scanning service bean: attendanceService (AttendanceService$$SpringCGLIB$$0 -> AttendanceService)
2025-07-28T23:14:06.058+07:00  INFO 67862 --- [chemist-BE] [           main] d.p.c.ai.agent.ToolRegistryService       : Scanning service bean: authenticationService (AuthenticationService -> AuthenticationService)
2025-07-28T23:14:06.058+07:00  INFO 67862 --- [chemist-BE] [           main] d.p.c.ai.agent.ToolRegistryService       : Scanning service bean: examService (ExamService$$SpringCGLIB$$0 -> ExamService)
2025-07-28T23:14:06.058+07:00  INFO 67862 --- [chemist-BE] [           main] d.p.c.ai.agent.ToolRegistryService       : Scanning service bean: feeService (FeeService$$SpringCGLIB$$0 -> FeeService)
2025-07-28T23:14:06.058+07:00  INFO 67862 --- [chemist-BE] [           main] d.p.c.ai.agent.ToolRegistryService       : Found @AITool method: getFeeById in FeeService
2025-07-28T23:14:06.058+07:00  INFO 67862 --- [chemist-BE] [           main] d.p.c.ai.agent.ToolRegistryService       : Found @AITool method: getAllFees in FeeService
2025-07-28T23:14:06.058+07:00  INFO 67862 --- [chemist-BE] [           main] d.p.c.ai.agent.ToolRegistryService       : Found 2 @AITool methods in FeeService
2025-07-28T23:14:06.059+07:00  INFO 67862 --- [chemist-BE] [           main] d.p.c.ai.agent.ToolRegistryService       : Registered AI tool: getFeeById in category: fee from service: FeeService
2025-07-28T23:14:06.059+07:00  INFO 67862 --- [chemist-BE] [           main] d.p.c.ai.agent.ToolRegistryService       : Registered AI tool: getAllFees in category: fee from service: FeeService
2025-07-28T23:14:06.059+07:00  INFO 67862 --- [chemist-BE] [           main] d.p.c.ai.agent.ToolRegistryService       : Scanning service bean: financialStatisticsService (FinancialStatisticsService$$SpringCGLIB$$0 -> FinancialStatisticsService)
2025-07-28T23:14:06.059+07:00  INFO 67862 --- [chemist-BE] [           main] d.p.c.ai.agent.ToolRegistryService       : Scanning service bean: gradeService (GradeService$$SpringCGLIB$$0 -> GradeService)
2025-07-28T23:14:06.059+07:00  INFO 67862 --- [chemist-BE] [           main] d.p.c.ai.agent.ToolRegistryService       : Scanning service bean: groupScheduleService (GroupScheduleService$$SpringCGLIB$$0 -> GroupScheduleService)
2025-07-28T23:14:06.059+07:00  INFO 67862 --- [chemist-BE] [           main] d.p.c.ai.agent.ToolRegistryService       : Scanning service bean: groupService (GroupService$$SpringCGLIB$$0 -> GroupService)
2025-07-28T23:14:06.059+07:00  INFO 67862 --- [chemist-BE] [           main] d.p.c.ai.agent.ToolRegistryService       : Found @AITool method: getGroupsByGradeId in GroupService
2025-07-28T23:14:06.059+07:00  INFO 67862 --- [chemist-BE] [           main] d.p.c.ai.agent.ToolRegistryService       : Found @AITool method: getAllGroups in GroupService
2025-07-28T23:14:06.059+07:00  INFO 67862 --- [chemist-BE] [           main] d.p.c.ai.agent.ToolRegistryService       : Found @AITool method: getGroupById in GroupService
2025-07-28T23:14:06.059+07:00  INFO 67862 --- [chemist-BE] [           main] d.p.c.ai.agent.ToolRegistryService       : Found 3 @AITool methods in GroupService
2025-07-28T23:14:06.059+07:00  INFO 67862 --- [chemist-BE] [           main] d.p.c.ai.agent.ToolRegistryService       : Registered AI tool: getGroupsByGrade in category: group from service: GroupService
2025-07-28T23:14:06.059+07:00  INFO 67862 --- [chemist-BE] [           main] d.p.c.ai.agent.ToolRegistryService       : Registered AI tool: getAllGroups in category: group from service: GroupService
2025-07-28T23:14:06.059+07:00  INFO 67862 --- [chemist-BE] [           main] d.p.c.ai.agent.ToolRegistryService       : Registered AI tool: getGroupById in category: group from service: GroupService
2025-07-28T23:14:06.059+07:00  INFO 67862 --- [chemist-BE] [           main] d.p.c.ai.agent.ToolRegistryService       : Scanning service bean: groupSessionService (GroupSessionService$$SpringCGLIB$$0 -> GroupSessionService)
2025-07-28T23:14:06.059+07:00  INFO 67862 --- [chemist-BE] [           main] d.p.c.ai.agent.ToolRegistryService       : Scanning service bean: jwtService (JwtService -> JwtService)
2025-07-28T23:14:06.059+07:00  INFO 67862 --- [chemist-BE] [           main] d.p.c.ai.agent.ToolRegistryService       : Scanning service bean: paymentDetailService (PaymentDetailService$$SpringCGLIB$$0 -> PaymentDetailService)
2025-07-28T23:14:06.059+07:00  INFO 67862 --- [chemist-BE] [           main] d.p.c.ai.agent.ToolRegistryService       : Scanning service bean: paymentOverdueService (PaymentOverdueService$$SpringCGLIB$$0 -> PaymentOverdueService)
2025-07-28T23:14:06.059+07:00  INFO 67862 --- [chemist-BE] [           main] d.p.c.ai.agent.ToolRegistryService       : Scanning service bean: roleService (RoleService$$SpringCGLIB$$0 -> RoleService)
2025-07-28T23:14:06.059+07:00  INFO 67862 --- [chemist-BE] [           main] d.p.c.ai.agent.ToolRegistryService       : Scanning service bean: roomService (RoomService$$SpringCGLIB$$0 -> RoomService)
2025-07-28T23:14:06.059+07:00  INFO 67862 --- [chemist-BE] [           main] d.p.c.ai.agent.ToolRegistryService       : Scanning service bean: salaryCalculationService (SalaryCalculationService$$SpringCGLIB$$0 -> SalaryCalculationService)
2025-07-28T23:14:06.059+07:00  INFO 67862 --- [chemist-BE] [           main] d.p.c.ai.agent.ToolRegistryService       : Scanning service bean: scheduleService (ScheduleService$$SpringCGLIB$$0 -> ScheduleService)
2025-07-28T23:14:06.059+07:00  INFO 67862 --- [chemist-BE] [           main] d.p.c.ai.agent.ToolRegistryService       : Scanning service bean: schoolClassService (SchoolClassService$$SpringCGLIB$$0 -> SchoolClassService)
2025-07-28T23:14:06.059+07:00  INFO 67862 --- [chemist-BE] [           main] d.p.c.ai.agent.ToolRegistryService       : Scanning service bean: schoolService (SchoolService$$SpringCGLIB$$0 -> SchoolService)
2025-07-28T23:14:06.059+07:00  INFO 67862 --- [chemist-BE] [           main] d.p.c.ai.agent.ToolRegistryService       : Scanning service bean: scoreService (ScoreService$$SpringCGLIB$$0 -> ScoreService)
2025-07-28T23:14:06.059+07:00  INFO 67862 --- [chemist-BE] [           main] d.p.c.ai.agent.ToolRegistryService       : Scanning service bean: statisticsService (StatisticsService -> StatisticsService)
2025-07-28T23:14:06.059+07:00  INFO 67862 --- [chemist-BE] [           main] d.p.c.ai.agent.ToolRegistryService       : Scanning service bean: studentPaymentService (StudentPaymentService$$SpringCGLIB$$0 -> StudentPaymentService)
2025-07-28T23:14:06.059+07:00  INFO 67862 --- [chemist-BE] [           main] d.p.c.ai.agent.ToolRegistryService       : Scanning service bean: studentService (StudentService$$SpringCGLIB$$0 -> StudentService)
2025-07-28T23:14:06.059+07:00  INFO 67862 --- [chemist-BE] [           main] d.p.c.ai.agent.ToolRegistryService       : Found @AITool method: getStudentsByGroupId in StudentService
2025-07-28T23:14:06.059+07:00  INFO 67862 --- [chemist-BE] [           main] d.p.c.ai.agent.ToolRegistryService       : Found @AITool method: getStudentById in StudentService
2025-07-28T23:14:06.059+07:00  INFO 67862 --- [chemist-BE] [           main] d.p.c.ai.agent.ToolRegistryService       : Found 2 @AITool methods in StudentService
2025-07-28T23:14:06.059+07:00  INFO 67862 --- [chemist-BE] [           main] d.p.c.ai.agent.ToolRegistryService       : Registered AI tool: getStudentsByGroup in category: student from service: StudentService
2025-07-28T23:14:06.060+07:00  INFO 67862 --- [chemist-BE] [           main] d.p.c.ai.agent.ToolRegistryService       : Registered AI tool: getStudentById in category: student from service: StudentService
2025-07-28T23:14:06.060+07:00  INFO 67862 --- [chemist-BE] [           main] d.p.c.ai.agent.ToolRegistryService       : Scanning service bean: teacherService (TeacherService$$SpringCGLIB$$0 -> TeacherService)
2025-07-28T23:14:06.060+07:00  INFO 67862 --- [chemist-BE] [           main] d.p.c.ai.agent.ToolRegistryService       : Tool discovery completed. Registered 7 tools
2025-07-28T23:14:06.090+07:00  WARN 67862 --- [chemist-BE] [           main] ConfigServletWebServerApplicationContext : Exception encountered during context initialization - cancelling refresh attempt: org.springframework.context.ApplicationContextException: Failed to start bean 'webServerStartStop'
2025-07-28T23:14:06.096+07:00  INFO 67862 --- [chemist-BE] [           main] j.LocalContainerEntityManagerFactoryBean : Closing JPA EntityManagerFactory for persistence unit 'default'
2025-07-28T23:14:06.097+07:00  INFO 67862 --- [chemist-BE] [           main] com.zaxxer.hikari.HikariDataSource       : HikariPool-1 - Shutdown initiated...
2025-07-28T23:14:07.460+07:00  INFO 67862 --- [chemist-BE] [           main] com.zaxxer.hikari.HikariDataSource       : HikariPool-1 - Shutdown completed.
2025-07-28T23:14:07.473+07:00  INFO 67862 --- [chemist-BE] [           main] .s.b.a.l.ConditionEvaluationReportLogger : 

Error starting ApplicationContext. To display the condition evaluation report re-run your application with 'debug' enabled.
2025-07-28T23:14:07.490+07:00 ERROR 67862 --- [chemist-BE] [           main] o.s.b.d.LoggingFailureAnalysisReporter   : 

***************************
APPLICATION FAILED TO START
***************************

Description:

Web server failed to start. Port 8080 was already in use.

Action:

Identify and stop the process that's listening on port 8080 or configure this application to listen on another port.

[INFO] ------------------------------------------------------------------------
[INFO] BUILD FAILURE
[INFO] ------------------------------------------------------------------------
[INFO] Total time:  15.544 s
[INFO] Finished at: 2025-07-28T23:14:07+07:00
[INFO] ------------------------------------------------------------------------
[ERROR] Failed to execute goal org.springframework.boot:spring-boot-maven-plugin:3.4.7:run (default-cli) on project chemist-BE: Process terminated with exit code: 1 -> [Help 1]
[ERROR] 
[ERROR] To see the full stack trace of the errors, re-run Maven with the -e switch.
[ERROR] Re-run Maven using the -X switch to enable full debug logging.
[ERROR] 
[ERROR] For more information about the errors and possible solutions, please read the following articles:
[ERROR] [Help 1] http://cwiki.apache.org/confluence/display/MAVEN/MojoExecutionException
